<?xml version="1.0" encoding="UTF-8"?>
<!-- Generated by org.testng.reporters.JUnitXMLReporter -->
<testsuite ignored="0" hostname="LAPTOP-8Q32O9S3" failures="0" tests="3" name="Scenario2" time="19.161" errors="0" timestamp="2020-01-15T17:48:24 IST">
  <testcase classname="test.LeadFinding" name="leadFinding" time="5.312"/>
  <testcase classname="test.LeadFinding" name="leadFinding" time="5.659"/>
  <testcase classname="test.LeadFinding" name="leadFinding" time="5.54"/>
</testsuite> <!-- Scenario2 -->
