<?xml version="1.0" encoding="UTF-8"?>
<!-- Generated by org.testng.reporters.JUnitXMLReporter -->
<testsuite ignored="0" hostname="LAPTOP-8Q32O9S3" failures="0" tests="3" name="Scenario1" time="44.761" errors="0" timestamp="2020-01-15T17:48:05 IST">
  <testcase classname="test.LeadCreation" name="leadCreation" time="14.228"/>
  <testcase classname="test.LeadCreation" name="leadCreation" time="12.043"/>
  <testcase classname="test.LeadCreation" name="leadCreation" time="12.513"/>
</testsuite> <!-- Scenario1 -->
