<?xml version="1.0" encoding="UTF-8"?>
<!-- Generated by org.testng.reporters.JUnitXMLReporter -->
<testsuite hostname="DESKTOP-IH3GRMK" ignored="0" name="TC01" tests="3" failures="0" timestamp="2019-11-23T18:20:46 AST" time="47.933" errors="0">
  <testcase name="leadCreation" time="13.938" classname="test.LeadCreation"/>
  <testcase name="leadCreation" time="12.501" classname="test.LeadCreation"/>
  <testcase name="leadCreation" time="12.657" classname="test.LeadCreation"/>
</testsuite> <!-- TC01 -->
