<?xml version="1.0" encoding="UTF-8"?>
<testng-results ignored="0" total="7" passed="6" failed="1" skipped="0">
  <reporter-output>
  </reporter-output>
  <suite started-at="2020-01-15T17:47:20 IST" name="Suite" finished-at="2020-01-15T17:48:30 IST" duration-ms="69656">
    <groups>
    </groups>
    <test started-at="2020-01-15T17:47:20 IST" name="Scenario1" finished-at="2020-01-15T17:48:05 IST" duration-ms="44761">
      <class name="test.LeadCreation">
        <test-method is-config="true" signature="login()[pri:0, instance:test.LeadCreation@11bd0f3b]" started-at="2020-01-15T17:47:20 IST" name="login" finished-at="2020-01-15T17:47:25 IST" duration-ms="5106" status="PASS">
          <reporter-output>
          </reporter-output>
        </test-method> <!-- login -->
        <test-method signature="leadCreation(java.lang.String, java.lang.String, java.lang.String, java.lang.String, java.lang.String, java.lang.String, java.lang.String)[pri:0, instance:test.LeadCreation@11bd0f3b]" started-at="2020-01-15T17:47:25 IST" name="leadCreation" data-provider="getData" finished-at="2020-01-15T17:47:39 IST" duration-ms="14228" status="PASS">
          <params>
            <param index="0">
              <value>
                <![CDATA[SQS]]>
              </value>
            </param>
            <param index="1">
              <value>
                <![CDATA[Surya]]>
              </value>
            </param>
            <param index="2">
              <value>
                <![CDATA[Raj]]>
              </value>
            </param>
            <param index="3">
              <value>
                <![CDATA[Existing Customer]]>
              </value>
            </param>
            <param index="4">
              <value>
                <![CDATA[Automobile]]>
              </value>
            </param>
            <param index="5">
              <value>
                <![CDATA[11/Feb/1992]]>
              </value>
            </param>
            <param index="6">
              <value>
                <![CDATA[USD - American Dollar]]>
              </value>
            </param>
          </params>
          <reporter-output>
          </reporter-output>
        </test-method> <!-- leadCreation -->
        <test-method signature="leadCreation(java.lang.String, java.lang.String, java.lang.String, java.lang.String, java.lang.String, java.lang.String, java.lang.String)[pri:0, instance:test.LeadCreation@11bd0f3b]" started-at="2020-01-15T17:47:39 IST" name="leadCreation" data-provider="getData" finished-at="2020-01-15T17:47:51 IST" duration-ms="12043" status="PASS">
          <params>
            <param index="0">
              <value>
                <![CDATA[SQS]]>
              </value>
            </param>
            <param index="1">
              <value>
                <![CDATA[Ajith]]>
              </value>
            </param>
            <param index="2">
              <value>
                <![CDATA[Raj]]>
              </value>
            </param>
            <param index="3">
              <value>
                <![CDATA[Direct Mail]]>
              </value>
            </param>
            <param index="4">
              <value>
                <![CDATA[Car and Driver]]>
              </value>
            </param>
            <param index="5">
              <value>
                <![CDATA[21/Mar/2000]]>
              </value>
            </param>
            <param index="6">
              <value>
                <![CDATA[INR - Indian Rupee]]>
              </value>
            </param>
          </params>
          <reporter-output>
          </reporter-output>
        </test-method> <!-- leadCreation -->
        <test-method signature="leadCreation(java.lang.String, java.lang.String, java.lang.String, java.lang.String, java.lang.String, java.lang.String, java.lang.String)[pri:0, instance:test.LeadCreation@11bd0f3b]" started-at="2020-01-15T17:47:51 IST" name="leadCreation" data-provider="getData" finished-at="2020-01-15T17:48:04 IST" duration-ms="12513" status="PASS">
          <params>
            <param index="0">
              <value>
                <![CDATA[SQS]]>
              </value>
            </param>
            <param index="1">
              <value>
                <![CDATA[Vimal]]>
              </value>
            </param>
            <param index="2">
              <value>
                <![CDATA[Amar]]>
              </value>
            </param>
            <param index="3">
              <value>
                <![CDATA[Employee]]>
              </value>
            </param>
            <param index="4">
              <value>
                <![CDATA[Catalog Generating Marketing Campaigns]]>
              </value>
            </param>
            <param index="5">
              <value>
                <![CDATA[01/Apr/1990]]>
              </value>
            </param>
            <param index="6">
              <value>
                <![CDATA[USD - American Dollar]]>
              </value>
            </param>
          </params>
          <reporter-output>
          </reporter-output>
        </test-method> <!-- leadCreation -->
        <test-method is-config="true" signature="logoff()[pri:0, instance:test.LeadCreation@11bd0f3b]" started-at="2020-01-15T17:48:04 IST" name="logoff" finished-at="2020-01-15T17:48:05 IST" duration-ms="678" status="PASS">
          <reporter-output>
          </reporter-output>
        </test-method> <!-- logoff -->
      </class> <!-- test.LeadCreation -->
    </test> <!-- Scenario1 -->
    <test started-at="2020-01-15T17:48:05 IST" name="Scenario2" finished-at="2020-01-15T17:48:24 IST" duration-ms="19161">
      <class name="test.LeadFinding">
        <test-method is-config="true" signature="login()[pri:0, instance:test.LeadFinding@247d8ae]" started-at="2020-01-15T17:48:05 IST" name="login" finished-at="2020-01-15T17:48:07 IST" duration-ms="1845" status="PASS">
          <reporter-output>
          </reporter-output>
        </test-method> <!-- login -->
        <test-method signature="leadFinding(java.lang.String, java.lang.String, java.lang.String, java.lang.String, java.lang.String, java.lang.String, java.lang.String)[pri:0, instance:test.LeadFinding@247d8ae]" started-at="2020-01-15T17:48:07 IST" name="leadFinding" data-provider="getData" finished-at="2020-01-15T17:48:12 IST" duration-ms="5312" status="PASS">
          <params>
            <param index="0">
              <value>
                <![CDATA[SQS]]>
              </value>
            </param>
            <param index="1">
              <value>
                <![CDATA[Surya]]>
              </value>
            </param>
            <param index="2">
              <value>
                <![CDATA[Raj]]>
              </value>
            </param>
            <param index="3">
              <value>
                <![CDATA[Existing Customer]]>
              </value>
            </param>
            <param index="4">
              <value>
                <![CDATA[Automobile]]>
              </value>
            </param>
            <param index="5">
              <value>
                <![CDATA[11/Feb/1992]]>
              </value>
            </param>
            <param index="6">
              <value>
                <![CDATA[USD - American Dollar]]>
              </value>
            </param>
          </params>
          <reporter-output>
          </reporter-output>
        </test-method> <!-- leadFinding -->
        <test-method signature="leadFinding(java.lang.String, java.lang.String, java.lang.String, java.lang.String, java.lang.String, java.lang.String, java.lang.String)[pri:0, instance:test.LeadFinding@247d8ae]" started-at="2020-01-15T17:48:12 IST" name="leadFinding" data-provider="getData" finished-at="2020-01-15T17:48:18 IST" duration-ms="5659" status="PASS">
          <params>
            <param index="0">
              <value>
                <![CDATA[SQS]]>
              </value>
            </param>
            <param index="1">
              <value>
                <![CDATA[Ajith]]>
              </value>
            </param>
            <param index="2">
              <value>
                <![CDATA[Raj]]>
              </value>
            </param>
            <param index="3">
              <value>
                <![CDATA[Direct Mail]]>
              </value>
            </param>
            <param index="4">
              <value>
                <![CDATA[Car and Driver]]>
              </value>
            </param>
            <param index="5">
              <value>
                <![CDATA[21/Mar/2000]]>
              </value>
            </param>
            <param index="6">
              <value>
                <![CDATA[INR - Indian Rupee]]>
              </value>
            </param>
          </params>
          <reporter-output>
          </reporter-output>
        </test-method> <!-- leadFinding -->
        <test-method signature="leadFinding(java.lang.String, java.lang.String, java.lang.String, java.lang.String, java.lang.String, java.lang.String, java.lang.String)[pri:0, instance:test.LeadFinding@247d8ae]" started-at="2020-01-15T17:48:18 IST" name="leadFinding" data-provider="getData" finished-at="2020-01-15T17:48:23 IST" duration-ms="5540" status="PASS">
          <params>
            <param index="0">
              <value>
                <![CDATA[SQS]]>
              </value>
            </param>
            <param index="1">
              <value>
                <![CDATA[Vimal]]>
              </value>
            </param>
            <param index="2">
              <value>
                <![CDATA[Amar]]>
              </value>
            </param>
            <param index="3">
              <value>
                <![CDATA[Employee]]>
              </value>
            </param>
            <param index="4">
              <value>
                <![CDATA[Catalog Generating Marketing Campaigns]]>
              </value>
            </param>
            <param index="5">
              <value>
                <![CDATA[01/Apr/1990]]>
              </value>
            </param>
            <param index="6">
              <value>
                <![CDATA[USD - American Dollar]]>
              </value>
            </param>
          </params>
          <reporter-output>
          </reporter-output>
        </test-method> <!-- leadFinding -->
        <test-method is-config="true" signature="logoff()[pri:0, instance:test.LeadFinding@247d8ae]" started-at="2020-01-15T17:48:23 IST" name="logoff" finished-at="2020-01-15T17:48:24 IST" duration-ms="696" status="PASS">
          <reporter-output>
          </reporter-output>
        </test-method> <!-- logoff -->
      </class> <!-- test.LeadFinding -->
    </test> <!-- Scenario2 -->
    <test started-at="2020-01-15T17:48:24 IST" name="Scenario3" finished-at="2020-01-15T17:48:30 IST" duration-ms="5645">
      <class name="test.LeadUploading">
        <test-method is-config="true" signature="browserOn()[pri:0, instance:test.LeadUploading@57af006c]" started-at="2020-01-15T17:45:52 IST" name="browserOn" finished-at="2020-01-15T17:47:20 IST" duration-ms="87405" status="PASS">
          <reporter-output>
          </reporter-output>
        </test-method> <!-- browserOn -->
        <test-method is-config="true" signature="login()[pri:0, instance:test.LeadUploading@57af006c]" started-at="2020-01-15T17:48:24 IST" name="login" finished-at="2020-01-15T17:48:26 IST" duration-ms="2016" status="PASS">
          <reporter-output>
          </reporter-output>
        </test-method> <!-- login -->
        <test-method signature="leadUploading()[pri:0, instance:test.LeadUploading@57af006c]" started-at="2020-01-15T17:48:26 IST" name="leadUploading" finished-at="2020-01-15T17:48:28 IST" duration-ms="2523" status="FAIL">
          <exception class="org.openqa.selenium.InvalidArgumentException">
            <message>
              <![CDATA[invalid argument: File not found : C:\pdf\Course_227370_2019-07-04-18-25.pdf
  (Session info: chrome=79.0.3945.117)
Build info: version: '3.141.59', revision: 'e82be7d358', time: '2018-11-14T08:17:03'
System info: host: 'LAPTOP-8Q32O9S3', ip: '192.168.1.3', os.name: 'Windows 10', os.arch: 'amd64', os.version: '10.0', java.version: '13.0.2'
Driver info: org.openqa.selenium.chrome.ChromeDriver
Capabilities {acceptInsecureCerts: false, browserName: chrome, browserVersion: 79.0.3945.117, chrome: {chromedriverVersion: 79.0.3945.36 (3582db32b3389..., userDataDir: C:\Users\Surya\AppData\Loca...}, goog:chromeOptions: {debuggerAddress: localhost:59095}, javascriptEnabled: true, networkConnectionEnabled: false, pageLoadStrategy: normal, platform: WINDOWS, platformName: WINDOWS, proxy: Proxy(), setWindowRect: true, strictFileInteractability: false, timeouts: {implicit: 0, pageLoad: 300000, script: 30000}, unhandledPromptBehavior: dismiss and notify}
Session ID: 04e4d2b2768e1f6d8e2cbf332bcb9bde]]>
            </message>
            <full-stacktrace>
              <![CDATA[org.openqa.selenium.InvalidArgumentException: invalid argument: File not found : C:\pdf\Course_227370_2019-07-04-18-25.pdf
  (Session info: chrome=79.0.3945.117)
Build info: version: '3.141.59', revision: 'e82be7d358', time: '2018-11-14T08:17:03'
System info: host: 'LAPTOP-8Q32O9S3', ip: '192.168.1.3', os.name: 'Windows 10', os.arch: 'amd64', os.version: '10.0', java.version: '13.0.2'
Driver info: org.openqa.selenium.chrome.ChromeDriver
Capabilities {acceptInsecureCerts: false, browserName: chrome, browserVersion: 79.0.3945.117, chrome: {chromedriverVersion: 79.0.3945.36 (3582db32b3389..., userDataDir: C:\Users\Surya\AppData\Loca...}, goog:chromeOptions: {debuggerAddress: localhost:59095}, javascriptEnabled: true, networkConnectionEnabled: false, pageLoadStrategy: normal, platform: WINDOWS, platformName: WINDOWS, proxy: Proxy(), setWindowRect: true, strictFileInteractability: false, timeouts: {implicit: 0, pageLoad: 300000, script: 30000}, unhandledPromptBehavior: dismiss and notify}
Session ID: 04e4d2b2768e1f6d8e2cbf332bcb9bde
at java.base/jdk.internal.reflect.NativeConstructorAccessorImpl.newInstance0(Native Method)
at java.base/jdk.internal.reflect.NativeConstructorAccessorImpl.newInstance(NativeConstructorAccessorImpl.java:62)
at java.base/jdk.internal.reflect.DelegatingConstructorAccessorImpl.newInstance(DelegatingConstructorAccessorImpl.java:45)
at java.base/java.lang.reflect.Constructor.newInstanceWithCaller(Constructor.java:500)
at java.base/java.lang.reflect.Constructor.newInstance(Constructor.java:481)
at org.openqa.selenium.remote.http.W3CHttpResponseCodec.createException(W3CHttpResponseCodec.java:187)
at org.openqa.selenium.remote.http.W3CHttpResponseCodec.decode(W3CHttpResponseCodec.java:122)
at org.openqa.selenium.remote.http.W3CHttpResponseCodec.decode(W3CHttpResponseCodec.java:49)
at org.openqa.selenium.remote.HttpCommandExecutor.execute(HttpCommandExecutor.java:158)
at org.openqa.selenium.remote.service.DriverCommandExecutor.execute(DriverCommandExecutor.java:83)
at org.openqa.selenium.remote.RemoteWebDriver.execute(RemoteWebDriver.java:552)
at org.openqa.selenium.remote.RemoteWebElement.execute(RemoteWebElement.java:285)
at org.openqa.selenium.remote.RemoteWebElement.sendKeys(RemoteWebElement.java:106)
at pages.UploadLeadsPage.chooseFile(UploadLeadsPage.java:20)
at test.LeadUploading.leadUploading(LeadUploading.java:41)
at java.base/jdk.internal.reflect.NativeMethodAccessorImpl.invoke0(Native Method)
at java.base/jdk.internal.reflect.NativeMethodAccessorImpl.invoke(NativeMethodAccessorImpl.java:62)
at java.base/jdk.internal.reflect.DelegatingMethodAccessorImpl.invoke(DelegatingMethodAccessorImpl.java:43)
at java.base/java.lang.reflect.Method.invoke(Method.java:567)
at org.testng.internal.MethodInvocationHelper.invokeMethod(MethodInvocationHelper.java:133)
at org.testng.internal.TestInvoker.invokeMethod(TestInvoker.java:584)
at org.testng.internal.TestInvoker.invokeTestMethod(TestInvoker.java:172)
at org.testng.internal.MethodRunner.runInSequence(MethodRunner.java:46)
at org.testng.internal.TestInvoker$MethodInvocationAgent.invoke(TestInvoker.java:804)
at org.testng.internal.TestInvoker.invokeTestMethods(TestInvoker.java:145)
at org.testng.internal.TestMethodWorker.invokeTestMethods(TestMethodWorker.java:146)
at org.testng.internal.TestMethodWorker.run(TestMethodWorker.java:128)
at java.base/java.util.ArrayList.forEach(ArrayList.java:1507)
at org.testng.TestRunner.privateRun(TestRunner.java:770)
at org.testng.TestRunner.run(TestRunner.java:591)
at org.testng.SuiteRunner.runTest(SuiteRunner.java:402)
at org.testng.SuiteRunner.runSequentially(SuiteRunner.java:396)
at org.testng.SuiteRunner.privateRun(SuiteRunner.java:355)
at org.testng.SuiteRunner.run(SuiteRunner.java:304)
at org.testng.SuiteRunnerWorker.runSuite(SuiteRunnerWorker.java:53)
at org.testng.SuiteRunnerWorker.run(SuiteRunnerWorker.java:96)
at org.testng.TestNG.runSuitesSequentially(TestNG.java:1180)
at org.testng.TestNG.runSuitesLocally(TestNG.java:1102)
at org.testng.TestNG.runSuites(TestNG.java:1032)
at org.testng.TestNG.run(TestNG.java:1000)
at org.testng.remote.AbstractRemoteTestNG.run(AbstractRemoteTestNG.java:115)
at org.testng.remote.RemoteTestNG.initAndRun(RemoteTestNG.java:251)
at org.testng.remote.RemoteTestNG.main(RemoteTestNG.java:77)
]]>
            </full-stacktrace>
          </exception> <!-- org.openqa.selenium.InvalidArgumentException -->
          <reporter-output>
          </reporter-output>
        </test-method> <!-- leadUploading -->
        <test-method is-config="true" signature="logoff()[pri:0, instance:test.LeadUploading@57af006c]" started-at="2020-01-15T17:48:29 IST" name="logoff" finished-at="2020-01-15T17:48:30 IST" duration-ms="605" status="PASS">
          <reporter-output>
          </reporter-output>
        </test-method> <!-- logoff -->
        <test-method is-config="true" signature="browserOff()[pri:0, instance:test.LeadUploading@57af006c]" started-at="2020-01-15T17:48:30 IST" name="browserOff" finished-at="2020-01-15T17:48:35 IST" duration-ms="5749" status="PASS">
          <reporter-output>
          </reporter-output>
        </test-method> <!-- browserOff -->
      </class> <!-- test.LeadUploading -->
    </test> <!-- Scenario3 -->
  </suite> <!-- Suite -->
</testng-results>
